Build started 9/26 8:55:24.
Logging verbosity is set to: Normal.     1>Project "C:\Users\Arnav\Documents\GitHub\CS334\cs334.vcxproj" on node 2 (Build target(s)).
     1>InitializeBuildStatus:
         Creating "x64\Release\CS334.tlog\unsuccessfulbuild" because "AlwaysCreate" was specified.
       ClCompile:
         All outputs are up-to-date.
         C:\Program Files (x86)\Microsoft Visual Studio\2019\Community\VC\Tools\MSVC\14.28.29910\bin\HostX86\x64\CL.exe /c /I"externals\tiff-4.0.8\libtiff" /I"externals\glew-2.1.0\include" /I"externals\freeglut-3.0.0\include" /Iexternals\Cg\include /I"externals\fltk-1.3.4-1" /Zi /nologo /W3 /WX- /diagnostics:column /sdl /O2 /Oi /GL /D NDEBUG /D _MBCS /D _MBCS /Gm- /EHsc /MD /GS /Gy /fp:precise /Zc:wchar_t /Zc:forScope /Zc:inline /Fo"x64\Release\\" /Fd"x64\Release\vc142.pdb" /Gd /TP /FC /errorReport:prompt scene.cpp
         scene.cpp
       Link:
         C:\Program Files (x86)\Microsoft Visual Studio\2019\Community\VC\Tools\MSVC\14.28.29910\bin\HostX86\x64\link.exe /ERRORREPORT:PROMPT /OUT:"C:\Users\Arnav\Documents\GitHub\CS334\x64\Release\CS334.exe" /NOLOGO /LIBPATH:"externals\tiff-4.0.8\libtiff" /LIBPATH:"externals\glew-2.1.0\lib\Release\x64" /LIBPATH:"externals\freeglut-3.0.0\lib" /LIBPATH:"externals\fltk-1.3.4-1\lib" /LIBPATH:externals\Cg\lib.x64 libtiff.lib glew32.lib opengl32.lib glut32.lib cg.lib cgGL.lib fltk.lib fltkgl.lib kernel32.lib user32.lib gdi32.lib winspool.lib comdlg32.lib advapi32.lib shell32.lib ole32.lib oleaut32.lib uuid.lib odbc32.lib odbccp32.lib /MANIFEST /MANIFESTUAC:"level='asInvoker' uiAccess='false'" /manifest:embed /DEBUG:FULL /PDB:"C:\Users\Arnav\Documents\GitHub\CS334\x64\Release\CS334.pdb" /OPT:REF /OPT:ICF /LTCG:incremental /LTCGOUT:"x64\Release\CS334.iobj" /TLBID:1 /DYNAMICBASE /NXCOMPAT /IMPLIB:"C:\Users\Arnav\Documents\GitHub\CS334\x64\Release\CS334.lib" /MACHINE:X64 x64\Release\V3.obj
         x64\Release\Geometry.obj
         x64\Release\M33.obj
         x64\Release\ppc.obj
         x64\Release\framebuffer.obj
         x64\Release\gui.obj
         x64\Release\scene.obj
            Creating library C:\Users\Arnav\Documents\GitHub\CS334\x64\Release\CS334.lib and object C:\Users\Arnav\Documents\GitHub\CS334\x64\Release\CS334.exp
         Generating code
         16 of 433 functions ( 3.7%) were compiled, the rest were copied from previous compilation.
           0 functions were new in current compilation
           1 functions had inline decision re-evaluated but remain unchanged
         Finished generating code
     1>fltk.lib(case.obj) : warning LNK4099: PDB 'vc141.pdb' was not found with 'fltk.lib(case.obj)' or at 'C:\Users\Arnav\Documents\GitHub\CS334\x64\Release\vc141.pdb'; linking object as if no debug info
     1>fltk.lib(filename_list.obj) : warning LNK4099: PDB 'vc141.pdb' was not found with 'fltk.lib(filename_list.obj)' or at 'C:\Users\Arnav\Documents\GitHub\CS334\x64\Release\vc141.pdb'; linking object as if no debug info
     1>fltk.lib(filename_match.obj) : warning LNK4099: PDB 'vc141.pdb' was not found with 'fltk.lib(filename_match.obj)' or at 'C:\Users\Arnav\Documents\GitHub\CS334\x64\Release\vc141.pdb'; linking object as if no debug info
     1>fltk.lib(Fl.obj) : warning LNK4099: PDB '' was not found with 'fltk.lib(Fl.obj)' or at ''; linking object as if no debug info
     1>fltk.lib(Fl_abort.obj) : warning LNK4099: PDB 'vc141.pdb' was not found with 'fltk.lib(Fl_abort.obj)' or at 'C:\Users\Arnav\Documents\GitHub\CS334\x64\Release\vc141.pdb'; linking object as if no debug info
     1>fltk.lib(fl_arc.obj) : warning LNK4099: PDB 'vc141.pdb' was not found with 'fltk.lib(fl_arc.obj)' or at 'C:\Users\Arnav\Documents\GitHub\CS334\x64\Release\vc141.pdb'; linking object as if no debug info
     1>fltk.lib(fl_arci.obj) : warning LNK4099: PDB 'vc141.pdb' was not found with 'fltk.lib(fl_arci.obj)' or at 'C:\Users\Arnav\Documents\GitHub\CS334\x64\Release\vc141.pdb'; linking object as if no debug info
     1>fltk.lib(Fl_arg.obj) : warning LNK4099: PDB '' was not found with 'fltk.lib(Fl_arg.obj)' or at ''; linking object as if no debug info
     1>fltk.lib(fl_ask.obj) : warning LNK4099: PDB 'vc141.pdb' was not found with 'fltk.lib(fl_ask.obj)' or at 'C:\Users\Arnav\Documents\GitHub\CS334\x64\Release\vc141.pdb'; linking object as if no debug info
     1>fltk.lib(Fl_Bitmap.obj) : warning LNK4099: PDB 'vc141.pdb' was not found with 'fltk.lib(Fl_Bitmap.obj)' or at 'C:\Users\Arnav\Documents\GitHub\CS334\x64\Release\vc141.pdb'; linking object as if no debug info
     1>fltk.lib(Fl_Box.obj) : warning LNK4099: PDB 'vc141.pdb' was not found with 'fltk.lib(Fl_Box.obj)' or at 'C:\Users\Arnav\Documents\GitHub\CS334\x64\Release\vc141.pdb'; linking object as if no debug info
     1>fltk.lib(fl_boxtype.obj) : warning LNK4099: PDB 'vc141.pdb' was not found with 'fltk.lib(fl_boxtype.obj)' or at 'C:\Users\Arnav\Documents\GitHub\CS334\x64\Release\vc141.pdb'; linking object as if no debug info
     1>fltk.lib(Fl_Button.obj) : warning LNK4099: PDB 'vc141.pdb' was not found with 'fltk.lib(Fl_Button.obj)' or at 'C:\Users\Arnav\Documents\GitHub\CS334\x64\Release\vc141.pdb'; linking object as if no debug info
     1>fltk.lib(fl_color.obj) : warning LNK4099: PDB 'vc141.pdb' was not found with 'fltk.lib(fl_color.obj)' or at 'C:\Users\Arnav\Documents\GitHub\CS334\x64\Release\vc141.pdb'; linking object as if no debug info
     1>fltk.lib(Fl_compose.obj) : warning LNK4099: PDB 'vc141.pdb' was not found with 'fltk.lib(Fl_compose.obj)' or at 'C:\Users\Arnav\Documents\GitHub\CS334\x64\Release\vc141.pdb'; linking object as if no debug info
     1>fltk.lib(fl_cursor.obj) : warning LNK4099: PDB '' was not found with 'fltk.lib(fl_cursor.obj)' or at ''; linking object as if no debug info
     1>fltk.lib(fl_curve.obj) : warning LNK4099: PDB 'vc141.pdb' was not found with 'fltk.lib(fl_curve.obj)' or at 'C:\Users\Arnav\Documents\GitHub\CS334\x64\Release\vc141.pdb'; linking object as if no debug info
     1>fltk.lib(Fl_Device.obj) : warning LNK4099: PDB 'vc141.pdb' was not found with 'fltk.lib(Fl_Device.obj)' or at 'C:\Users\Arnav\Documents\GitHub\CS334\x64\Release\vc141.pdb'; linking object as if no debug info
     1>fltk.lib(fl_dnd.obj) : warning LNK4099: PDB 'vc141.pdb' was not found with 'fltk.lib(fl_dnd.obj)' or at 'C:\Users\Arnav\Documents\GitHub\CS334\x64\Release\vc141.pdb'; linking object as if no debug info
     1>fltk.lib(Fl_Double_Window.obj) : warning LNK4099: PDB 'vc141.pdb' was not found with 'fltk.lib(Fl_Double_Window.obj)' or at 'C:\Users\Arnav\Documents\GitHub\CS334\x64\Release\vc141.pdb'; linking object as if no debug info
     1>fltk.lib(fl_draw.obj) : warning LNK4099: PDB 'vc141.pdb' was not found with 'fltk.lib(fl_draw.obj)' or at 'C:\Users\Arnav\Documents\GitHub\CS334\x64\Release\vc141.pdb'; linking object as if no debug info
     1>fltk.lib(fl_draw_image.obj) : warning LNK4099: PDB 'vc141.pdb' was not found with 'fltk.lib(fl_draw_image.obj)' or at 'C:\Users\Arnav\Documents\GitHub\CS334\x64\Release\vc141.pdb'; linking object as if no debug info
     1>fltk.lib(fl_draw_pixmap.obj) : warning LNK4099: PDB 'vc141.pdb' was not found with 'fltk.lib(fl_draw_pixmap.obj)' or at 'C:\Users\Arnav\Documents\GitHub\CS334\x64\Release\vc141.pdb'; linking object as if no debug info
     1>fltk.lib(fl_font.obj) : warning LNK4099: PDB '' was not found with 'fltk.lib(fl_font.obj)' or at ''; linking object as if no debug info
     1>fltk.lib(Fl_get_system_colors.obj) : warning LNK4099: PDB 'vc141.pdb' was not found with 'fltk.lib(Fl_get_system_colors.obj)' or at 'C:\Users\Arnav\Documents\GitHub\CS334\x64\Release\vc141.pdb'; linking object as if no debug info
     1>fltk.lib(Fl_grab.obj) : warning LNK4099: PDB 'vc141.pdb' was not found with 'fltk.lib(Fl_grab.obj)' or at 'C:\Users\Arnav\Documents\GitHub\CS334\x64\Release\vc141.pdb'; linking object as if no debug info
     1>fltk.lib(Fl_Group.obj) : warning LNK4099: PDB 'vc141.pdb' was not found with 'fltk.lib(Fl_Group.obj)' or at 'C:\Users\Arnav\Documents\GitHub\CS334\x64\Release\vc141.pdb'; linking object as if no debug info
     1>fltk.lib(fl_gtk.obj) : warning LNK4099: PDB 'vc141.pdb' was not found with 'fltk.lib(fl_gtk.obj)' or at 'C:\Users\Arnav\Documents\GitHub\CS334\x64\Release\vc141.pdb'; linking object as if no debug info
     1>fltk.lib(fl_gleam.obj) : warning LNK4099: PDB 'vc141.pdb' was not found with 'fltk.lib(fl_gleam.obj)' or at 'C:\Users\Arnav\Documents\GitHub\CS334\x64\Release\vc141.pdb'; linking object as if no debug info
     1>fltk.lib(Fl_Image.obj) : warning LNK4099: PDB 'vc141.pdb' was not found with 'fltk.lib(Fl_Image.obj)' or at 'C:\Users\Arnav\Documents\GitHub\CS334\x64\Release\vc141.pdb'; linking object as if no debug info
     1>fltk.lib(Fl_Input.obj) : warning LNK4099: PDB 'vc141.pdb' was not found with 'fltk.lib(Fl_Input.obj)' or at 'C:\Users\Arnav\Documents\GitHub\CS334\x64\Release\vc141.pdb'; linking object as if no debug info
     1>fltk.lib(Fl_Input_.obj) : warning LNK4099: PDB 'vc141.pdb' was not found with 'fltk.lib(Fl_Input_.obj)' or at 'C:\Users\Arnav\Documents\GitHub\CS334\x64\Release\vc141.pdb'; linking object as if no debug info
     1>fltk.lib(fl_labeltype.obj) : warning LNK4099: PDB '' was not found with 'fltk.lib(fl_labeltype.obj)' or at ''; linking object as if no debug info
     1>fltk.lib(fl_line_style.obj) : warning LNK4099: PDB 'vc141.pdb' was not found with 'fltk.lib(fl_line_style.obj)' or at 'C:\Users\Arnav\Documents\GitHub\CS334\x64\Release\vc141.pdb'; linking object as if no debug info
     1>fltk.lib(Fl_lock.obj) : warning LNK4099: PDB 'vc141.pdb' was not found with 'fltk.lib(Fl_lock.obj)' or at 'C:\Users\Arnav\Documents\GitHub\CS334\x64\Release\vc141.pdb'; linking object as if no debug info
     1>fltk.lib(Fl_Menu.obj) : warning LNK4099: PDB 'vc141.pdb' was not found with 'fltk.lib(Fl_Menu.obj)' or at 'C:\Users\Arnav\Documents\GitHub\CS334\x64\Release\vc141.pdb'; linking object as if no debug info
     1>fltk.lib(Fl_Menu_.obj) : warning LNK4099: PDB 'vc141.pdb' was not found with 'fltk.lib(Fl_Menu_.obj)' or at 'C:\Users\Arnav\Documents\GitHub\CS334\x64\Release\vc141.pdb'; linking object as if no debug info
     1>fltk.lib(Fl_Menu_add.obj) : warning LNK4099: PDB 'vc141.pdb' was not found with 'fltk.lib(Fl_Menu_add.obj)' or at 'C:\Users\Arnav\Documents\GitHub\CS334\x64\Release\vc141.pdb'; linking object as if no debug info
     1>fltk.lib(Fl_Menu_Button.obj) : warning LNK4099: PDB 'vc141.pdb' was not found with 'fltk.lib(Fl_Menu_Button.obj)' or at 'C:\Users\Arnav\Documents\GitHub\CS334\x64\Release\vc141.pdb'; linking object as if no debug info
     1>fltk.lib(Fl_Menu_Window.obj) : warning LNK4099: PDB 'vc141.pdb' was not found with 'fltk.lib(Fl_Menu_Window.obj)' or at 'C:\Users\Arnav\Documents\GitHub\CS334\x64\Release\vc141.pdb'; linking object as if no debug info
     1>fltk.lib(Fl_Overlay_Window.obj) : warning LNK4099: PDB 'vc141.pdb' was not found with 'fltk.lib(Fl_Overlay_Window.obj)' or at 'C:\Users\Arnav\Documents\GitHub\CS334\x64\Release\vc141.pdb'; linking object as if no debug info
     1>fltk.lib(Fl_Paged_Device.obj) : warning LNK4099: PDB 'vc141.pdb' was not found with 'fltk.lib(Fl_Paged_Device.obj)' or at 'C:\Users\Arnav\Documents\GitHub\CS334\x64\Release\vc141.pdb'; linking object as if no debug info
     1>fltk.lib(Fl_Pixmap.obj) : warning LNK4099: PDB 'vc141.pdb' was not found with 'fltk.lib(Fl_Pixmap.obj)' or at 'C:\Users\Arnav\Documents\GitHub\CS334\x64\Release\vc141.pdb'; linking object as if no debug info
     1>fltk.lib(fl_plastic.obj) : warning LNK4099: PDB 'vc141.pdb' was not found with 'fltk.lib(fl_plastic.obj)' or at 'C:\Users\Arnav\Documents\GitHub\CS334\x64\Release\vc141.pdb'; linking object as if no debug info
     1>fltk.lib(Fl_Preferences.obj) : warning LNK4099: PDB '' was not found with 'fltk.lib(Fl_Preferences.obj)' or at ''; linking object as if no debug info
     1>fltk.lib(Fl_Printer.obj) : warning LNK4099: PDB 'vc141.pdb' was not found with 'fltk.lib(Fl_Printer.obj)' or at 'C:\Users\Arnav\Documents\GitHub\CS334\x64\Release\vc141.pdb'; linking object as if no debug info
     1>fltk.lib(fl_read_image.obj) : warning LNK4099: PDB 'vc141.pdb' was not found with 'fltk.lib(fl_read_image.obj)' or at 'C:\Users\Arnav\Documents\GitHub\CS334\x64\Release\vc141.pdb'; linking object as if no debug info
     1>fltk.lib(fl_rect.obj) : warning LNK4099: PDB '' was not found with 'fltk.lib(fl_rect.obj)' or at ''; linking object as if no debug info
     1>fltk.lib(Fl_Repeat_Button.obj) : warning LNK4099: PDB 'vc141.pdb' was not found with 'fltk.lib(Fl_Repeat_Button.obj)' or at 'C:\Users\Arnav\Documents\GitHub\CS334\x64\Release\vc141.pdb'; linking object as if no debug info
     1>fltk.lib(Fl_Return_Button.obj) : warning LNK4099: PDB 'vc141.pdb' was not found with 'fltk.lib(Fl_Return_Button.obj)' or at 'C:\Users\Arnav\Documents\GitHub\CS334\x64\Release\vc141.pdb'; linking object as if no debug info
     1>fltk.lib(fl_round_box.obj) : warning LNK4099: PDB 'vc141.pdb' was not found with 'fltk.lib(fl_round_box.obj)' or at 'C:\Users\Arnav\Documents\GitHub\CS334\x64\Release\vc141.pdb'; linking object as if no debug info
     1>fltk.lib(fl_shortcut.obj) : warning LNK4099: PDB 'vc141.pdb' was not found with 'fltk.lib(fl_shortcut.obj)' or at 'C:\Users\Arnav\Documents\GitHub\CS334\x64\Release\vc141.pdb'; linking object as if no debug info
     1>fltk.lib(Fl_Single_Window.obj) : warning LNK4099: PDB 'vc141.pdb' was not found with 'fltk.lib(Fl_Single_Window.obj)' or at 'C:\Users\Arnav\Documents\GitHub\CS334\x64\Release\vc141.pdb'; linking object as if no debug info
     1>fltk.lib(fl_symbols.obj) : warning LNK4099: PDB 'vc141.pdb' was not found with 'fltk.lib(fl_symbols.obj)' or at 'C:\Users\Arnav\Documents\GitHub\CS334\x64\Release\vc141.pdb'; linking object as if no debug info
     1>fltk.lib(Fl_Tiled_Image.obj) : warning LNK4099: PDB 'vc141.pdb' was not found with 'fltk.lib(Fl_Tiled_Image.obj)' or at 'C:\Users\Arnav\Documents\GitHub\CS334\x64\Release\vc141.pdb'; linking object as if no debug info
     1>fltk.lib(Fl_Tooltip.obj) : warning LNK4099: PDB 'vc141.pdb' was not found with 'fltk.lib(Fl_Tooltip.obj)' or at 'C:\Users\Arnav\Documents\GitHub\CS334\x64\Release\vc141.pdb'; linking object as if no debug info
     1>fltk.lib(fl_utf.obj) : warning LNK4099: PDB 'vc141.pdb' was not found with 'fltk.lib(fl_utf.obj)' or at 'C:\Users\Arnav\Documents\GitHub\CS334\x64\Release\vc141.pdb'; linking object as if no debug info
     1>fltk.lib(fl_utf8.obj) : warning LNK4099: PDB 'vc141.pdb' was not found with 'fltk.lib(fl_utf8.obj)' or at 'C:\Users\Arnav\Documents\GitHub\CS334\x64\Release\vc141.pdb'; linking object as if no debug info
     1>fltk.lib(fl_vertex.obj) : warning LNK4099: PDB 'vc141.pdb' was not found with 'fltk.lib(fl_vertex.obj)' or at 'C:\Users\Arnav\Documents\GitHub\CS334\x64\Release\vc141.pdb'; linking object as if no debug info
     1>fltk.lib(Fl_Widget.obj) : warning LNK4099: PDB 'vc141.pdb' was not found with 'fltk.lib(Fl_Widget.obj)' or at 'C:\Users\Arnav\Documents\GitHub\CS334\x64\Release\vc141.pdb'; linking object as if no debug info
     1>fltk.lib(Fl_Window.obj) : warning LNK4099: PDB 'vc141.pdb' was not found with 'fltk.lib(Fl_Window.obj)' or at 'C:\Users\Arnav\Documents\GitHub\CS334\x64\Release\vc141.pdb'; linking object as if no debug info
     1>fltk.lib(Fl_Window_fullscreen.obj) : warning LNK4099: PDB 'vc141.pdb' was not found with 'fltk.lib(Fl_Window_fullscreen.obj)' or at 'C:\Users\Arnav\Documents\GitHub\CS334\x64\Release\vc141.pdb'; linking object as if no debug info
     1>fltk.lib(Fl_Window_hotspot.obj) : warning LNK4099: PDB 'vc141.pdb' was not found with 'fltk.lib(Fl_Window_hotspot.obj)' or at 'C:\Users\Arnav\Documents\GitHub\CS334\x64\Release\vc141.pdb'; linking object as if no debug info
     1>fltk.lib(Fl_Window_shape.obj) : warning LNK4099: PDB 'vc141.pdb' was not found with 'fltk.lib(Fl_Window_shape.obj)' or at 'C:\Users\Arnav\Documents\GitHub\CS334\x64\Release\vc141.pdb'; linking object as if no debug info
     1>fltk.lib(flstring.obj) : warning LNK4099: PDB 'vc141.pdb' was not found with 'fltk.lib(flstring.obj)' or at 'C:\Users\Arnav\Documents\GitHub\CS334\x64\Release\vc141.pdb'; linking object as if no debug info
     1>fltk.lib(is_spacing.obj) : warning LNK4099: PDB '' was not found with 'fltk.lib(is_spacing.obj)' or at ''; linking object as if no debug info
     1>fltk.lib(numericsort.obj) : warning LNK4099: PDB 'vc141.pdb' was not found with 'fltk.lib(numericsort.obj)' or at 'C:\Users\Arnav\Documents\GitHub\CS334\x64\Release\vc141.pdb'; linking object as if no debug info
     1>fltk.lib(scandir.obj) : warning LNK4099: PDB 'vc141.pdb' was not found with 'fltk.lib(scandir.obj)' or at 'C:\Users\Arnav\Documents\GitHub\CS334\x64\Release\vc141.pdb'; linking object as if no debug info
     1>fltk.lib(screen_xywh.obj) : warning LNK4099: PDB '' was not found with 'fltk.lib(screen_xywh.obj)' or at ''; linking object as if no debug info
     1>fltk.lib(vsnprintf.obj) : warning LNK4099: PDB 'vc141.pdb' was not found with 'fltk.lib(vsnprintf.obj)' or at 'C:\Users\Arnav\Documents\GitHub\CS334\x64\Release\vc141.pdb'; linking object as if no debug info
     1>fltkgl.lib(Fl_Gl_Choice.obj) : warning LNK4099: PDB 'vc141.pdb' was not found with 'fltkgl.lib(Fl_Gl_Choice.obj)' or at 'C:\Users\Arnav\Documents\GitHub\CS334\x64\Release\vc141.pdb'; linking object as if no debug info
     1>fltkgl.lib(Fl_Gl_Device_Plugin.obj) : warning LNK4099: PDB 'vc141.pdb' was not found with 'fltkgl.lib(Fl_Gl_Device_Plugin.obj)' or at 'C:\Users\Arnav\Documents\GitHub\CS334\x64\Release\vc141.pdb'; linking object as if no debug info
     1>fltkgl.lib(Fl_Gl_Window.obj) : warning LNK4099: PDB 'vc141.pdb' was not found with 'fltkgl.lib(Fl_Gl_Window.obj)' or at 'C:\Users\Arnav\Documents\GitHub\CS334\x64\Release\vc141.pdb'; linking object as if no debug info
     1>fltkgl.lib(freeglut_teapot.obj) : warning LNK4099: PDB 'vc141.pdb' was not found with 'fltkgl.lib(freeglut_teapot.obj)' or at 'C:\Users\Arnav\Documents\GitHub\CS334\x64\Release\vc141.pdb'; linking object as if no debug info
     1>fltkgl.lib(gl_draw.obj) : warning LNK4099: PDB 'vc141.pdb' was not found with 'fltkgl.lib(gl_draw.obj)' or at 'C:\Users\Arnav\Documents\GitHub\CS334\x64\Release\vc141.pdb'; linking object as if no debug info
         cs334.vcxproj -> C:\Users\Arnav\Documents\GitHub\CS334\x64\Release\CS334.exe
       FinalizeBuildStatus:
         Deleting file "x64\Release\CS334.tlog\unsuccessfulbuild".
         Touching "x64\Release\CS334.tlog\CS334.lastbuildstate".
     1>Done Building Project "C:\Users\Arnav\Documents\GitHub\CS334\cs334.vcxproj" (Build target(s)).

Build succeeded.

       "C:\Users\Arnav\Documents\GitHub\CS334\cs334.vcxproj" (Build target) (1) ->
       (Link target) -> 
         fltk.lib(case.obj) : warning LNK4099: PDB 'vc141.pdb' was not found with 'fltk.lib(case.obj)' or at 'C:\Users\Arnav\Documents\GitHub\CS334\x64\Release\vc141.pdb'; linking object as if no debug info
         fltk.lib(filename_list.obj) : warning LNK4099: PDB 'vc141.pdb' was not found with 'fltk.lib(filename_list.obj)' or at 'C:\Users\Arnav\Documents\GitHub\CS334\x64\Release\vc141.pdb'; linking object as if no debug info
         fltk.lib(filename_match.obj) : warning LNK4099: PDB 'vc141.pdb' was not found with 'fltk.lib(filename_match.obj)' or at 'C:\Users\Arnav\Documents\GitHub\CS334\x64\Release\vc141.pdb'; linking object as if no debug info
         fltk.lib(Fl.obj) : warning LNK4099: PDB '' was not found with 'fltk.lib(Fl.obj)' or at ''; linking object as if no debug info
         fltk.lib(Fl_abort.obj) : warning LNK4099: PDB 'vc141.pdb' was not found with 'fltk.lib(Fl_abort.obj)' or at 'C:\Users\Arnav\Documents\GitHub\CS334\x64\Release\vc141.pdb'; linking object as if no debug info
         fltk.lib(fl_arc.obj) : warning LNK4099: PDB 'vc141.pdb' was not found with 'fltk.lib(fl_arc.obj)' or at 'C:\Users\Arnav\Documents\GitHub\CS334\x64\Release\vc141.pdb'; linking object as if no debug info
         fltk.lib(fl_arci.obj) : warning LNK4099: PDB 'vc141.pdb' was not found with 'fltk.lib(fl_arci.obj)' or at 'C:\Users\Arnav\Documents\GitHub\CS334\x64\Release\vc141.pdb'; linking object as if no debug info
         fltk.lib(Fl_arg.obj) : warning LNK4099: PDB '' was not found with 'fltk.lib(Fl_arg.obj)' or at ''; linking object as if no debug info
         fltk.lib(fl_ask.obj) : warning LNK4099: PDB 'vc141.pdb' was not found with 'fltk.lib(fl_ask.obj)' or at 'C:\Users\Arnav\Documents\GitHub\CS334\x64\Release\vc141.pdb'; linking object as if no debug info
         fltk.lib(Fl_Bitmap.obj) : warning LNK4099: PDB 'vc141.pdb' was not found with 'fltk.lib(Fl_Bitmap.obj)' or at 'C:\Users\Arnav\Documents\GitHub\CS334\x64\Release\vc141.pdb'; linking object as if no debug info
         fltk.lib(Fl_Box.obj) : warning LNK4099: PDB 'vc141.pdb' was not found with 'fltk.lib(Fl_Box.obj)' or at 'C:\Users\Arnav\Documents\GitHub\CS334\x64\Release\vc141.pdb'; linking object as if no debug info
         fltk.lib(fl_boxtype.obj) : warning LNK4099: PDB 'vc141.pdb' was not found with 'fltk.lib(fl_boxtype.obj)' or at 'C:\Users\Arnav\Documents\GitHub\CS334\x64\Release\vc141.pdb'; linking object as if no debug info
         fltk.lib(Fl_Button.obj) : warning LNK4099: PDB 'vc141.pdb' was not found with 'fltk.lib(Fl_Button.obj)' or at 'C:\Users\Arnav\Documents\GitHub\CS334\x64\Release\vc141.pdb'; linking object as if no debug info
         fltk.lib(fl_color.obj) : warning LNK4099: PDB 'vc141.pdb' was not found with 'fltk.lib(fl_color.obj)' or at 'C:\Users\Arnav\Documents\GitHub\CS334\x64\Release\vc141.pdb'; linking object as if no debug info
         fltk.lib(Fl_compose.obj) : warning LNK4099: PDB 'vc141.pdb' was not found with 'fltk.lib(Fl_compose.obj)' or at 'C:\Users\Arnav\Documents\GitHub\CS334\x64\Release\vc141.pdb'; linking object as if no debug info
         fltk.lib(fl_cursor.obj) : warning LNK4099: PDB '' was not found with 'fltk.lib(fl_cursor.obj)' or at ''; linking object as if no debug info
         fltk.lib(fl_curve.obj) : warning LNK4099: PDB 'vc141.pdb' was not found with 'fltk.lib(fl_curve.obj)' or at 'C:\Users\Arnav\Documents\GitHub\CS334\x64\Release\vc141.pdb'; linking object as if no debug info
         fltk.lib(Fl_Device.obj) : warning LNK4099: PDB 'vc141.pdb' was not found with 'fltk.lib(Fl_Device.obj)' or at 'C:\Users\Arnav\Documents\GitHub\CS334\x64\Release\vc141.pdb'; linking object as if no debug info
         fltk.lib(fl_dnd.obj) : warning LNK4099: PDB 'vc141.pdb' was not found with 'fltk.lib(fl_dnd.obj)' or at 'C:\Users\Arnav\Documents\GitHub\CS334\x64\Release\vc141.pdb'; linking object as if no debug info
         fltk.lib(Fl_Double_Window.obj) : warning LNK4099: PDB 'vc141.pdb' was not found with 'fltk.lib(Fl_Double_Window.obj)' or at 'C:\Users\Arnav\Documents\GitHub\CS334\x64\Release\vc141.pdb'; linking object as if no debug info
         fltk.lib(fl_draw.obj) : warning LNK4099: PDB 'vc141.pdb' was not found with 'fltk.lib(fl_draw.obj)' or at 'C:\Users\Arnav\Documents\GitHub\CS334\x64\Release\vc141.pdb'; linking object as if no debug info
         fltk.lib(fl_draw_image.obj) : warning LNK4099: PDB 'vc141.pdb' was not found with 'fltk.lib(fl_draw_image.obj)' or at 'C:\Users\Arnav\Documents\GitHub\CS334\x64\Release\vc141.pdb'; linking object as if no debug info
         fltk.lib(fl_draw_pixmap.obj) : warning LNK4099: PDB 'vc141.pdb' was not found with 'fltk.lib(fl_draw_pixmap.obj)' or at 'C:\Users\Arnav\Documents\GitHub\CS334\x64\Release\vc141.pdb'; linking object as if no debug info
         fltk.lib(fl_font.obj) : warning LNK4099: PDB '' was not found with 'fltk.lib(fl_font.obj)' or at ''; linking object as if no debug info
         fltk.lib(Fl_get_system_colors.obj) : warning LNK4099: PDB 'vc141.pdb' was not found with 'fltk.lib(Fl_get_system_colors.obj)' or at 'C:\Users\Arnav\Documents\GitHub\CS334\x64\Release\vc141.pdb'; linking object as if no debug info
         fltk.lib(Fl_grab.obj) : warning LNK4099: PDB 'vc141.pdb' was not found with 'fltk.lib(Fl_grab.obj)' or at 'C:\Users\Arnav\Documents\GitHub\CS334\x64\Release\vc141.pdb'; linking object as if no debug info
         fltk.lib(Fl_Group.obj) : warning LNK4099: PDB 'vc141.pdb' was not found with 'fltk.lib(Fl_Group.obj)' or at 'C:\Users\Arnav\Documents\GitHub\CS334\x64\Release\vc141.pdb'; linking object as if no debug info
         fltk.lib(fl_gtk.obj) : warning LNK4099: PDB 'vc141.pdb' was not found with 'fltk.lib(fl_gtk.obj)' or at 'C:\Users\Arnav\Documents\GitHub\CS334\x64\Release\vc141.pdb'; linking object as if no debug info
         fltk.lib(fl_gleam.obj) : warning LNK4099: PDB 'vc141.pdb' was not found with 'fltk.lib(fl_gleam.obj)' or at 'C:\Users\Arnav\Documents\GitHub\CS334\x64\Release\vc141.pdb'; linking object as if no debug info
         fltk.lib(Fl_Image.obj) : warning LNK4099: PDB 'vc141.pdb' was not found with 'fltk.lib(Fl_Image.obj)' or at 'C:\Users\Arnav\Documents\GitHub\CS334\x64\Release\vc141.pdb'; linking object as if no debug info
         fltk.lib(Fl_Input.obj) : warning LNK4099: PDB 'vc141.pdb' was not found with 'fltk.lib(Fl_Input.obj)' or at 'C:\Users\Arnav\Documents\GitHub\CS334\x64\Release\vc141.pdb'; linking object as if no debug info
         fltk.lib(Fl_Input_.obj) : warning LNK4099: PDB 'vc141.pdb' was not found with 'fltk.lib(Fl_Input_.obj)' or at 'C:\Users\Arnav\Documents\GitHub\CS334\x64\Release\vc141.pdb'; linking object as if no debug info
         fltk.lib(fl_labeltype.obj) : warning LNK4099: PDB '' was not found with 'fltk.lib(fl_labeltype.obj)' or at ''; linking object as if no debug info
         fltk.lib(fl_line_style.obj) : warning LNK4099: PDB 'vc141.pdb' was not found with 'fltk.lib(fl_line_style.obj)' or at 'C:\Users\Arnav\Documents\GitHub\CS334\x64\Release\vc141.pdb'; linking object as if no debug info
         fltk.lib(Fl_lock.obj) : warning LNK4099: PDB 'vc141.pdb' was not found with 'fltk.lib(Fl_lock.obj)' or at 'C:\Users\Arnav\Documents\GitHub\CS334\x64\Release\vc141.pdb'; linking object as if no debug info
         fltk.lib(Fl_Menu.obj) : warning LNK4099: PDB 'vc141.pdb' was not found with 'fltk.lib(Fl_Menu.obj)' or at 'C:\Users\Arnav\Documents\GitHub\CS334\x64\Release\vc141.pdb'; linking object as if no debug info
         fltk.lib(Fl_Menu_.obj) : warning LNK4099: PDB 'vc141.pdb' was not found with 'fltk.lib(Fl_Menu_.obj)' or at 'C:\Users\Arnav\Documents\GitHub\CS334\x64\Release\vc141.pdb'; linking object as if no debug info
         fltk.lib(Fl_Menu_add.obj) : warning LNK4099: PDB 'vc141.pdb' was not found with 'fltk.lib(Fl_Menu_add.obj)' or at 'C:\Users\Arnav\Documents\GitHub\CS334\x64\Release\vc141.pdb'; linking object as if no debug info
         fltk.lib(Fl_Menu_Button.obj) : warning LNK4099: PDB 'vc141.pdb' was not found with 'fltk.lib(Fl_Menu_Button.obj)' or at 'C:\Users\Arnav\Documents\GitHub\CS334\x64\Release\vc141.pdb'; linking object as if no debug info
         fltk.lib(Fl_Menu_Window.obj) : warning LNK4099: PDB 'vc141.pdb' was not found with 'fltk.lib(Fl_Menu_Window.obj)' or at 'C:\Users\Arnav\Documents\GitHub\CS334\x64\Release\vc141.pdb'; linking object as if no debug info
         fltk.lib(Fl_Overlay_Window.obj) : warning LNK4099: PDB 'vc141.pdb' was not found with 'fltk.lib(Fl_Overlay_Window.obj)' or at 'C:\Users\Arnav\Documents\GitHub\CS334\x64\Release\vc141.pdb'; linking object as if no debug info
         fltk.lib(Fl_Paged_Device.obj) : warning LNK4099: PDB 'vc141.pdb' was not found with 'fltk.lib(Fl_Paged_Device.obj)' or at 'C:\Users\Arnav\Documents\GitHub\CS334\x64\Release\vc141.pdb'; linking object as if no debug info
         fltk.lib(Fl_Pixmap.obj) : warning LNK4099: PDB 'vc141.pdb' was not found with 'fltk.lib(Fl_Pixmap.obj)' or at 'C:\Users\Arnav\Documents\GitHub\CS334\x64\Release\vc141.pdb'; linking object as if no debug info
         fltk.lib(fl_plastic.obj) : warning LNK4099: PDB 'vc141.pdb' was not found with 'fltk.lib(fl_plastic.obj)' or at 'C:\Users\Arnav\Documents\GitHub\CS334\x64\Release\vc141.pdb'; linking object as if no debug info
         fltk.lib(Fl_Preferences.obj) : warning LNK4099: PDB '' was not found with 'fltk.lib(Fl_Preferences.obj)' or at ''; linking object as if no debug info
         fltk.lib(Fl_Printer.obj) : warning LNK4099: PDB 'vc141.pdb' was not found with 'fltk.lib(Fl_Printer.obj)' or at 'C:\Users\Arnav\Documents\GitHub\CS334\x64\Release\vc141.pdb'; linking object as if no debug info
         fltk.lib(fl_read_image.obj) : warning LNK4099: PDB 'vc141.pdb' was not found with 'fltk.lib(fl_read_image.obj)' or at 'C:\Users\Arnav\Documents\GitHub\CS334\x64\Release\vc141.pdb'; linking object as if no debug info
         fltk.lib(fl_rect.obj) : warning LNK4099: PDB '' was not found with 'fltk.lib(fl_rect.obj)' or at ''; linking object as if no debug info
         fltk.lib(Fl_Repeat_Button.obj) : warning LNK4099: PDB 'vc141.pdb' was not found with 'fltk.lib(Fl_Repeat_Button.obj)' or at 'C:\Users\Arnav\Documents\GitHub\CS334\x64\Release\vc141.pdb'; linking object as if no debug info
         fltk.lib(Fl_Return_Button.obj) : warning LNK4099: PDB 'vc141.pdb' was not found with 'fltk.lib(Fl_Return_Button.obj)' or at 'C:\Users\Arnav\Documents\GitHub\CS334\x64\Release\vc141.pdb'; linking object as if no debug info
         fltk.lib(fl_round_box.obj) : warning LNK4099: PDB 'vc141.pdb' was not found with 'fltk.lib(fl_round_box.obj)' or at 'C:\Users\Arnav\Documents\GitHub\CS334\x64\Release\vc141.pdb'; linking object as if no debug info
         fltk.lib(fl_shortcut.obj) : warning LNK4099: PDB 'vc141.pdb' was not found with 'fltk.lib(fl_shortcut.obj)' or at 'C:\Users\Arnav\Documents\GitHub\CS334\x64\Release\vc141.pdb'; linking object as if no debug info
         fltk.lib(Fl_Single_Window.obj) : warning LNK4099: PDB 'vc141.pdb' was not found with 'fltk.lib(Fl_Single_Window.obj)' or at 'C:\Users\Arnav\Documents\GitHub\CS334\x64\Release\vc141.pdb'; linking object as if no debug info
         fltk.lib(fl_symbols.obj) : warning LNK4099: PDB 'vc141.pdb' was not found with 'fltk.lib(fl_symbols.obj)' or at 'C:\Users\Arnav\Documents\GitHub\CS334\x64\Release\vc141.pdb'; linking object as if no debug info
         fltk.lib(Fl_Tiled_Image.obj) : warning LNK4099: PDB 'vc141.pdb' was not found with 'fltk.lib(Fl_Tiled_Image.obj)' or at 'C:\Users\Arnav\Documents\GitHub\CS334\x64\Release\vc141.pdb'; linking object as if no debug info
         fltk.lib(Fl_Tooltip.obj) : warning LNK4099: PDB 'vc141.pdb' was not found with 'fltk.lib(Fl_Tooltip.obj)' or at 'C:\Users\Arnav\Documents\GitHub\CS334\x64\Release\vc141.pdb'; linking object as if no debug info
         fltk.lib(fl_utf.obj) : warning LNK4099: PDB 'vc141.pdb' was not found with 'fltk.lib(fl_utf.obj)' or at 'C:\Users\Arnav\Documents\GitHub\CS334\x64\Release\vc141.pdb'; linking object as if no debug info
         fltk.lib(fl_utf8.obj) : warning LNK4099: PDB 'vc141.pdb' was not found with 'fltk.lib(fl_utf8.obj)' or at 'C:\Users\Arnav\Documents\GitHub\CS334\x64\Release\vc141.pdb'; linking object as if no debug info
         fltk.lib(fl_vertex.obj) : warning LNK4099: PDB 'vc141.pdb' was not found with 'fltk.lib(fl_vertex.obj)' or at 'C:\Users\Arnav\Documents\GitHub\CS334\x64\Release\vc141.pdb'; linking object as if no debug info
         fltk.lib(Fl_Widget.obj) : warning LNK4099: PDB 'vc141.pdb' was not found with 'fltk.lib(Fl_Widget.obj)' or at 'C:\Users\Arnav\Documents\GitHub\CS334\x64\Release\vc141.pdb'; linking object as if no debug info
         fltk.lib(Fl_Window.obj) : warning LNK4099: PDB 'vc141.pdb' was not found with 'fltk.lib(Fl_Window.obj)' or at 'C:\Users\Arnav\Documents\GitHub\CS334\x64\Release\vc141.pdb'; linking object as if no debug info
         fltk.lib(Fl_Window_fullscreen.obj) : warning LNK4099: PDB 'vc141.pdb' was not found with 'fltk.lib(Fl_Window_fullscreen.obj)' or at 'C:\Users\Arnav\Documents\GitHub\CS334\x64\Release\vc141.pdb'; linking object as if no debug info
         fltk.lib(Fl_Window_hotspot.obj) : warning LNK4099: PDB 'vc141.pdb' was not found with 'fltk.lib(Fl_Window_hotspot.obj)' or at 'C:\Users\Arnav\Documents\GitHub\CS334\x64\Release\vc141.pdb'; linking object as if no debug info
         fltk.lib(Fl_Window_shape.obj) : warning LNK4099: PDB 'vc141.pdb' was not found with 'fltk.lib(Fl_Window_shape.obj)' or at 'C:\Users\Arnav\Documents\GitHub\CS334\x64\Release\vc141.pdb'; linking object as if no debug info
         fltk.lib(flstring.obj) : warning LNK4099: PDB 'vc141.pdb' was not found with 'fltk.lib(flstring.obj)' or at 'C:\Users\Arnav\Documents\GitHub\CS334\x64\Release\vc141.pdb'; linking object as if no debug info
         fltk.lib(is_spacing.obj) : warning LNK4099: PDB '' was not found with 'fltk.lib(is_spacing.obj)' or at ''; linking object as if no debug info
         fltk.lib(numericsort.obj) : warning LNK4099: PDB 'vc141.pdb' was not found with 'fltk.lib(numericsort.obj)' or at 'C:\Users\Arnav\Documents\GitHub\CS334\x64\Release\vc141.pdb'; linking object as if no debug info
         fltk.lib(scandir.obj) : warning LNK4099: PDB 'vc141.pdb' was not found with 'fltk.lib(scandir.obj)' or at 'C:\Users\Arnav\Documents\GitHub\CS334\x64\Release\vc141.pdb'; linking object as if no debug info
         fltk.lib(screen_xywh.obj) : warning LNK4099: PDB '' was not found with 'fltk.lib(screen_xywh.obj)' or at ''; linking object as if no debug info
         fltk.lib(vsnprintf.obj) : warning LNK4099: PDB 'vc141.pdb' was not found with 'fltk.lib(vsnprintf.obj)' or at 'C:\Users\Arnav\Documents\GitHub\CS334\x64\Release\vc141.pdb'; linking object as if no debug info
         fltkgl.lib(Fl_Gl_Choice.obj) : warning LNK4099: PDB 'vc141.pdb' was not found with 'fltkgl.lib(Fl_Gl_Choice.obj)' or at 'C:\Users\Arnav\Documents\GitHub\CS334\x64\Release\vc141.pdb'; linking object as if no debug info
         fltkgl.lib(Fl_Gl_Device_Plugin.obj) : warning LNK4099: PDB 'vc141.pdb' was not found with 'fltkgl.lib(Fl_Gl_Device_Plugin.obj)' or at 'C:\Users\Arnav\Documents\GitHub\CS334\x64\Release\vc141.pdb'; linking object as if no debug info
         fltkgl.lib(Fl_Gl_Window.obj) : warning LNK4099: PDB 'vc141.pdb' was not found with 'fltkgl.lib(Fl_Gl_Window.obj)' or at 'C:\Users\Arnav\Documents\GitHub\CS334\x64\Release\vc141.pdb'; linking object as if no debug info
         fltkgl.lib(freeglut_teapot.obj) : warning LNK4099: PDB 'vc141.pdb' was not found with 'fltkgl.lib(freeglut_teapot.obj)' or at 'C:\Users\Arnav\Documents\GitHub\CS334\x64\Release\vc141.pdb'; linking object as if no debug info
         fltkgl.lib(gl_draw.obj) : warning LNK4099: PDB 'vc141.pdb' was not found with 'fltkgl.lib(gl_draw.obj)' or at 'C:\Users\Arnav\Documents\GitHub\CS334\x64\Release\vc141.pdb'; linking object as if no debug info

    75 Warning(s)
    0 Error(s)

Time Elapsed 00:00:00.76
